<?xml version="1.0" encoding="UTF-8"?>
<!-- Generated by org.testng.reporters.JUnitReportReporter -->
<testsuite skipped="0" hostname="Preethas-MBP" name="login.CorrectPassword" tests="1" failures="0" timestamp="2020-05-27T18:10:34 BST" time="3.229" errors="0">
  <testcase name="Cpwd" time="3.229" classname="login.CorrectPassword"/>
  <system-out/>
</testsuite> <!-- login.CorrectPassword -->
