<?xml version="1.0" encoding="UTF-8"?>
<!-- Generated by org.testng.reporters.JUnitReportReporter -->
<testsuite skipped="1" hostname="Preethas-MacBook-Pro.local" name="login.Logintotal" tests="1" failures="0" timestamp="2020-05-28T16:19:36 BST" time="0.000" errors="0">
  <testcase name="CUserpwd" time="0.000" classname="login.Logintotal">
    <skipped/>
  </testcase> <!-- CUserpwd -->
  <system-out/>
</testsuite> <!-- login.Logintotal -->
