<?xml version="1.0" encoding="UTF-8"?>
<!-- Generated by org.testng.reporters.JUnitReportReporter -->
<testsuite skipped="0" hostname="Preethas-MBP" name="login.BothIncorrect" tests="1" failures="0" timestamp="2020-05-27T18:10:34 BST" time="3.280" errors="0">
  <testcase name="BothInUserpwd" time="3.280" classname="login.BothIncorrect"/>
  <system-out/>
</testsuite> <!-- login.BothIncorrect -->
