<?xml version="1.0" encoding="UTF-8"?>
<!-- Generated by org.testng.reporters.JUnitReportReporter -->
<testsuite skipped="0" hostname="Preethas-MBP" name="login.BothCorrect" tests="1" failures="0" timestamp="2020-05-27T18:10:34 BST" time="4.154" errors="0">
  <testcase name="CUserpwd" time="4.154" classname="login.BothCorrect"/>
  <system-out/>
</testsuite> <!-- login.BothCorrect -->
