<?xml version="1.0" encoding="UTF-8"?>
<!-- Generated by org.testng.reporters.JUnitReportReporter -->
<testsuite skipped="0" hostname="Preethas-MBP" name="login.CorrectUname" tests="1" failures="0" timestamp="2020-05-27T18:10:34 BST" time="5.167" errors="0">
  <testcase name="CUser" time="5.167" classname="login.CorrectUname"/>
  <system-out/>
</testsuite> <!-- login.CorrectUname -->
