<?xml version="1.0" encoding="UTF-8"?>
<!-- Generated by org.testng.reporters.JUnitReportReporter -->
<testsuite skipped="0" hostname="Preethas-MBP" name="datadrivenpack.Login" tests="4" failures="0" timestamp="2020-06-12T19:44:15 BST" time="19.759" errors="0">
  <testcase name="loginwith" time="6.988" classname="datadrivenpack.Login"/>
  <system-out/>
  <testcase name="loginwith" time="5.246" classname="datadrivenpack.Login"/>
  <system-out/>
  <testcase name="loginwith" time="3.771" classname="datadrivenpack.Login"/>
  <system-out/>
  <testcase name="loginwith" time="3.754" classname="datadrivenpack.Login"/>
  <system-out/>
</testsuite> <!-- datadrivenpack.Login -->
