<?xml version="1.0" encoding="UTF-8"?>
<!-- Generated by org.testng.reporters.JUnitReportReporter -->
<testsuite skipped="0" hostname="UNKNOWN" name="datadrivenpack.CorrectUsername" tests="1" failures="0" timestamp="2020-06-16T09:39:48 BST" time="5.769" errors="0">
  <testcase name="RightUser" time="5.769" classname="datadrivenpack.CorrectUsername"/>
  <system-out/>
</testsuite> <!-- datadrivenpack.CorrectUsername -->
