<?xml version="1.0" encoding="UTF-8"?>
<!-- Generated by org.testng.reporters.JUnitReportReporter -->
<testsuite skipped="0" hostname="UNKNOWN" name="datadrivenpack.BothIncorrect" tests="1" failures="0" timestamp="2020-06-16T09:39:48 BST" time="5.915" errors="0">
  <testcase name="Bothwrong" time="5.915" classname="datadrivenpack.BothIncorrect"/>
  <system-out/>
</testsuite> <!-- datadrivenpack.BothIncorrect -->
