<?xml version="1.0" encoding="UTF-8"?>
<!-- Generated by org.testng.reporters.JUnitReportReporter -->
<testsuite skipped="0" hostname="UNKNOWN" name="datadrivenpack.Guru99" tests="1" failures="0" timestamp="2020-06-16T10:04:59 BST" time="11.282" errors="0">
  <testcase name="searchIndia" time="11.282" classname="datadrivenpack.Guru99"/>
  <system-out/>
</testsuite> <!-- datadrivenpack.Guru99 -->
