<?xml version="1.0" encoding="UTF-8"?>
<!-- Generated by org.testng.reporters.JUnitReportReporter -->
<testsuite skipped="0" hostname="UNKNOWN" name="datadrivenpack.BothCorrect" tests="1" failures="0" timestamp="2020-06-16T09:39:48 BST" time="7.477" errors="0">
  <testcase name="Bothright" time="7.477" classname="datadrivenpack.BothCorrect"/>
  <system-out/>
</testsuite> <!-- datadrivenpack.BothCorrect -->
