<?xml version="1.0" encoding="UTF-8"?>
<!-- Generated by org.testng.reporters.JUnitReportReporter -->
<testsuite skipped="0" hostname="UNKNOWN" name="testCases.TooltipTestcases" tests="1" failures="0" timestamp="2020-06-27T14:37:14 BST" time="8.213" errors="0">
  <testcase name="toolti" time="8.213" classname="testCases.TooltipTestcases"/>
  <system-out/>
</testsuite> <!-- testCases.TooltipTestcases -->
