<?xml version="1.0" encoding="UTF-8"?>
<!-- Generated by org.testng.reporters.JUnitReportReporter -->
<testsuite skipped="0" hostname="Preethas-MacBook-Pro.local" name="testCases.DroppableTestcases" tests="1" failures="0" timestamp="2020-06-27T12:25:39 BST" time="10.669" errors="0">
  <testcase name="Dropable" time="10.669" classname="testCases.DroppableTestcases"/>
  <system-out/>
</testsuite> <!-- testCases.DroppableTestcases -->
