<?xml version="1.0" encoding="UTF-8"?>
<!-- Generated by org.testng.reporters.JUnitReportReporter -->
<testsuite skipped="0" hostname="UNKNOWN" name="testCases.RadioTestcases" tests="1" failures="0" timestamp="2020-06-22T18:34:11 BST" time="3.478" errors="0">
  <testcase name="radio" time="3.478" classname="testCases.RadioTestcases"/>
  <system-out/>
</testsuite> <!-- testCases.RadioTestcases -->
