<?xml version="1.0" encoding="UTF-8"?>
<!-- Generated by org.testng.reporters.JUnitReportReporter -->
<testsuite skipped="0" hostname="Preethas-MBP" name="testCases.Homepage1Testcases" tests="1" failures="0" timestamp="2020-06-22T10:10:07 BST" time="4.512" errors="0">
  <testcase name="Homepage1" time="4.512" classname="testCases.Homepage1Testcases"/>
  <system-out/>
</testsuite> <!-- testCases.Homepage1Testcases -->
