<?xml version="1.0" encoding="UTF-8"?>
<!-- Generated by org.testng.reporters.JUnitReportReporter -->
<testsuite skipped="0" hostname="Preethas-MBP" name="testCases.CalenderTestcases" tests="1" failures="0" timestamp="2020-06-28T09:34:38 BST" time="5.254" errors="0">
  <testcase name="caltc" time="5.254" classname="testCases.CalenderTestcases"/>
  <system-out/>
</testsuite> <!-- testCases.CalenderTestcases -->
