<?xml version="1.0" encoding="UTF-8"?>
<!-- Generated by org.testng.reporters.JUnitReportReporter -->
<testsuite skipped="0" hostname="Preethas-MBP" name="testCases.EditTestcase" tests="1" failures="0" timestamp="2020-06-22T14:55:18 BST" time="12.134" errors="0">
  <testcase name="Edit" time="12.134" classname="testCases.EditTestcase"/>
  <system-out/>
</testsuite> <!-- testCases.EditTestcase -->
