<?xml version="1.0" encoding="UTF-8"?>
<!-- Generated by org.testng.reporters.JUnitReportReporter -->
<testsuite skipped="0" hostname="Preethas-MacBook-Pro.local" name="testCases.SortablesTestcases" tests="1" failures="0" timestamp="2020-06-28T10:02:17 BST" time="4.393" errors="0">
  <testcase name="sorta" time="4.393" classname="testCases.SortablesTestcases"/>
  <system-out/>
</testsuite> <!-- testCases.SortablesTestcases -->
