<?xml version="1.0" encoding="UTF-8"?>
<!-- Generated by org.testng.reporters.JUnitReportReporter -->
<testsuite skipped="0" hostname="Preethas-MBP" name="testCases.WindowTestcases" tests="1" failures="0" timestamp="2020-06-26T20:39:16 BST" time="15.535" errors="0">
  <testcase name="window" time="15.535" classname="testCases.WindowTestcases"/>
  <system-out/>
</testsuite> <!-- testCases.WindowTestcases -->
