<?xml version="1.0" encoding="UTF-8"?>
<!-- Generated by org.testng.reporters.JUnitReportReporter -->
<testsuite skipped="0" hostname="Preethas-MBP" name="testCases.IframeTestcases" tests="1" failures="0" timestamp="2020-06-26T21:35:34 BST" time="7.287" errors="0">
  <testcase name="iframe1" time="7.287" classname="testCases.IframeTestcases"/>
  <system-out/>
</testsuite> <!-- testCases.IframeTestcases -->
