<?xml version="1.0" encoding="UTF-8"?>
<!-- Generated by org.testng.reporters.JUnitReportReporter -->
<testsuite skipped="0" hostname="UNKNOWN" name="testCases.LinksTestcases" tests="1" failures="0" timestamp="2020-06-22T12:18:56 BST" time="5.830" errors="0">
  <testcase name="links" time="5.830" classname="testCases.LinksTestcases"/>
  <system-out/>
</testsuite> <!-- testCases.LinksTestcases -->
