<?xml version="1.0" encoding="UTF-8"?>
<!-- Generated by org.testng.reporters.JUnitReportReporter -->
<testsuite skipped="0" hostname="UNKNOWN" name="testCases.CheckboxTestcases" tests="1" failures="0" timestamp="2020-06-22T19:02:27 BST" time="4.506" errors="0">
  <testcase name="checkbox" time="4.506" classname="testCases.CheckboxTestcases"/>
  <system-out/>
</testsuite> <!-- testCases.CheckboxTestcases -->
