<?xml version="1.0" encoding="UTF-8"?>
<!-- Generated by org.testng.reporters.JUnitReportReporter -->
<testsuite skipped="0" hostname="Preethas-MacBook-Pro.local" name="testCases.AutoCompletionTestcases" tests="1" failures="0" timestamp="2020-06-27T17:15:58 BST" time="9.506" errors="0">
  <testcase name="autocomp" time="9.506" classname="testCases.AutoCompletionTestcases"/>
  <system-out/>
</testsuite> <!-- testCases.AutoCompletionTestcases -->
