<?xml version="1.0" encoding="UTF-8"?>
<!-- Generated by org.testng.reporters.JUnitReportReporter -->
<testsuite skipped="0" hostname="Preethas-MBP" name="testCases.ImageTestcases" tests="1" failures="0" timestamp="2020-06-28T09:22:02 BST" time="7.939" errors="0">
  <testcase name="Img" time="7.939" classname="testCases.ImageTestcases"/>
  <system-out/>
</testsuite> <!-- testCases.ImageTestcases -->
