<?xml version="1.0" encoding="UTF-8"?>
<!-- Generated by org.testng.reporters.JUnitReportReporter -->
<testsuite skipped="0" hostname="Preethas-MacBook-Pro.local" name="testCases.DataTableTestcases" tests="1" failures="0" timestamp="2020-06-28T11:09:17 BST" time="7.044" errors="0">
  <testcase name="data" time="7.044" classname="testCases.DataTableTestcases"/>
  <system-out/>
</testsuite> <!-- testCases.DataTableTestcases -->
