<?xml version="1.0" encoding="UTF-8"?>
<!-- Generated by org.testng.reporters.JUnitReportReporter -->
<testsuite skipped="0" hostname="UNKNOWN" name="testCases.SelectableTestcases" tests="1" failures="0" timestamp="2020-06-27T15:23:26 BST" time="6.884" errors="0">
  <testcase name="selecttc" time="6.884" classname="testCases.SelectableTestcases"/>
  <system-out/>
</testsuite> <!-- testCases.SelectableTestcases -->
