<?xml version="1.0" encoding="UTF-8"?>
<!-- Generated by org.testng.reporters.JUnitReportReporter -->
<testsuite skipped="0" hostname="Preethas-MBP" name="testCases.AlertTestcases" tests="1" failures="0" timestamp="2020-06-22T18:11:39 BST" time="12.158" errors="0">
  <testcase name="Alert" time="12.158" classname="testCases.AlertTestcases"/>
  <system-out/>
</testsuite> <!-- testCases.AlertTestcases -->
