<?xml version="1.0" encoding="UTF-8"?>
<!-- Generated by org.testng.reporters.JUnitReportReporter -->
<testsuite skipped="0" hostname="Preethas-MBP" name="testCases.DropdownTestcases" tests="1" failures="0" timestamp="2020-06-22T17:32:01 BST" time="7.564" errors="0">
  <testcase name="Dropdown" time="7.564" classname="testCases.DropdownTestcases"/>
  <system-out/>
</testsuite> <!-- testCases.DropdownTestcases -->
