<?xml version="1.0" encoding="UTF-8"?>
<!-- Generated by org.testng.reporters.JUnitReportReporter -->
<testsuite skipped="0" hostname="Preethas-MacBook-Pro.local" name="functional.testcases.PHPMyProfile" tests="1" failures="0" timestamp="2020-05-29T14:21:25 BST" time="8.868" errors="0">
  <testcase name="myprofile" time="8.868" classname="functional.testcases.PHPMyProfile"/>
  <system-out/>
</testsuite> <!-- functional.testcases.PHPMyProfile -->
