<?xml version="1.0" encoding="UTF-8"?>
<!-- Generated by org.testng.reporters.JUnitReportReporter -->
<testsuite skipped="0" hostname="Preethas-MacBook-Pro.local" name="functional.testcases.PageObjectWithOutFindBy" tests="1" failures="0" timestamp="2020-05-29T14:48:03 BST" time="7.651" errors="0">
  <testcase name="Login" time="7.651" classname="functional.testcases.PageObjectWithOutFindBy"/>
  <system-out/>
</testsuite> <!-- functional.testcases.PageObjectWithOutFindBy -->
