<?xml version="1.0" encoding="UTF-8"?>
<!-- Generated by org.testng.reporters.JUnitReportReporter -->
<testsuite skipped="0" hostname="Preethas-MacBook-Pro.local" name="functional.testcases.PHPLogin" tests="1" failures="0" timestamp="2020-05-29T14:06:33 BST" time="6.830" errors="0">
  <testcase name="login" time="6.830" classname="functional.testcases.PHPLogin"/>
  <system-out/>
</testsuite> <!-- functional.testcases.PHPLogin -->
