<?xml version="1.0" encoding="UTF-8"?>
<!-- Generated by org.testng.reporters.JUnitReportReporter -->
<testsuite skipped="0" hostname="Preethas-MBP" name="us.pack.OpenSites" tests="2" failures="0" timestamp="2020-05-25T12:14:19 BST" time="5.924" errors="0">
  <testcase name="OpenGoogle" time="5.385" classname="us.pack.OpenSites"/>
  <system-out/>
  <testcase name="Bing" time="0.539" classname="us.pack.OpenSites"/>
  <system-out/>
</testsuite> <!-- us.pack.OpenSites -->
