<?xml version="1.0" encoding="UTF-8"?>
<!-- Generated by org.testng.reporters.JUnitReportReporter -->
<testsuite skipped="0" hostname="Preethas-MBP" name="us.pack.Priority" tests="5" failures="0" timestamp="2020-05-25T12:14:19 BST" time="0.006" errors="0">
  <testcase name="gotoshed" time="0.001" classname="us.pack.Priority"/>
  <system-out/>
  <testcase name="findcycle" time="0.002" classname="us.pack.Priority"/>
  <system-out/>
  <testcase name="unlockcycle" time="0.001" classname="us.pack.Priority"/>
  <system-out/>
  <testcase name="rideit" time="0.001" classname="us.pack.Priority"/>
  <system-out/>
  <testcase name="shop" time="0.001" classname="us.pack.Priority"/>
  <system-out/>
</testsuite> <!-- us.pack.Priority -->
