<?xml version="1.0" encoding="UTF-8"?>
<!-- Generated by org.testng.reporters.JUnitReportReporter -->
<testsuite skipped="0" hostname="Preethas-MBP" name="us.pack.parallelandGroups" tests="5" failures="0" timestamp="2020-05-26T10:53:05 BST" time="0.015" errors="0">
  <testcase name="test2" time="0.001" classname="us.pack.parallelandGroups"/>
  <system-out/>
  <testcase name="test5" time="0.001" classname="us.pack.parallelandGroups"/>
  <system-out/>
  <testcase name="test1" time="0.010" classname="us.pack.parallelandGroups"/>
  <system-out/>
  <testcase name="test4" time="0.002" classname="us.pack.parallelandGroups"/>
  <system-out/>
  <testcase name="test6" time="0.001" classname="us.pack.parallelandGroups"/>
  <system-out/>
</testsuite> <!-- us.pack.parallelandGroups -->
